# JRE version: Java(TM) SE Runtime Environment (19.0.1+10) (build 19.0.1+10-21)
# Java VM: Java HotSpot(TM) 64-Bit Server VM (19.0.1+10-21, mixed mode, sharing, tiered, compressed oops, compressed class ptrs, g1 gc, windows-amd64)
GC Precious Log:
 CardTable entry size: 512
 Card Set container configuration: InlinePtr #cards 4 size 8 Array Of Cards #cards 16 size 48 Howl #buckets 8 coarsen threshold 3686 Howl Bitmap #cards 512 size 80 coarsen threshold 460 Card regions per heap region 1 cards per card region 4096
 CPUs: 4 total, 4 available
 Memory: 16141M
 Large Page Support: Disabled
 NUMA Support: Disabled
 Compressed Oops: Enabled (Zero based)
 Heap Region Size: 2M
 Heap Min Capacity: 8M
 Heap Initial Capacity: 254M
 Heap Max Capacity: 4036M
 Pre-touch: Disabled
 Parallel Workers: 4
 Concurrent Workers: 1
 Concurrent Refinement Workers: 4
 Periodic GC: Disabled
Heap:
 garbage-first heap   total 313344K, used 8797K [0x0000000703c00000, 0x0000000800000000)
  region size 2048K, 2 young (4096K), 2 survivors (4096K)
 Metaspace       used 14727K, committed 14976K, reserved 1114112K
  class space    used 1795K, committed 1920K, reserved 1048576K
GC Heap History (20 events):
Event: 1.881 GC heap after
{Heap after GC invocations=4 (full 0):
 garbage-first heap   total 260096K, used 5957K [0x0000000703c00000, 0x0000000800000000)
  region size 2048K, 2 young (4096K), 2 survivors (4096K)
 Metaspace       used 13483K, committed 13696K, reserved 1114112K
  class space    used 1677K, committed 1792K, reserved 1048576K
}
Event: 1.995 GC heap before
{Heap before GC invocations=4 (full 0):
 garbage-first heap   total 260096K, used 159557K [0x0000000703c00000, 0x0000000800000000)
  region size 2048K, 76 young (155648K), 2 survivors (4096K)
 Metaspace       used 13716K, committed 14016K, reserved 1114112K
  class space    used 1703K, committed 1856K, reserved 1048576K
}
Event: 1.998 GC heap after
{Heap after GC invocations=5 (full 0):
 garbage-first heap   total 260096K, used 8033K [0x0000000703c00000, 0x0000000800000000)
  region size 2048K, 2 young (4096K), 2 survivors (4096K)
 Metaspace       used 13716K, committed 14016K, reserved 1114112K
  class space    used 1703K, committed 1856K, reserved 1048576K
}
Event: 2.035 GC heap before
{Heap before GC invocations=5 (full 0):
 garbage-first heap   total 260096K, used 159585K [0x0000000703c00000, 0x0000000800000000)
  region size 2048K, 76 young (155648K), 2 survivors (4096K)
 Metaspace       used 14067K, committed 14336K, reserved 1114112K
  class space    used 1735K, committed 1856K, reserved 1048576K
}
Event: 2.039 GC heap after
{Heap after GC invocations=6 (full 0):
 garbage-first heap   total 313344K, used 8497K [0x0000000703c00000, 0x0000000800000000)
  region size 2048K, 2 young (4096K), 2 survivors (4096K)
 Metaspace       used 14067K, committed 14336K, reserved 1114112K
  class space    used 1735K, committed 1856K, reserved 1048576K
}
Event: 2.349 GC heap before
{Heap before GC invocations=6 (full 0):
 garbage-first heap   total 313344K, used 190769K [0x0000000703c00000, 0x0000000800000000)
  region size 2048K, 91 young (186368K), 2 survivors (4096K)
 Metaspace       used 14528K, committed 14784K, reserved 1114112K
  class space    used 1777K, committed 1920K, reserved 1048576K
}
Event: 2.352 GC heap after
{Heap after GC invocations=7 (full 0):
 garbage-first heap   total 313344K, used 8720K [0x0000000703c00000, 0x0000000800000000)
  region size 2048K, 2 young (4096K), 2 survivors (4096K)
 Metaspace       used 14528K, committed 14784K, reserved 1114112K
  class space    used 1777K, committed 1920K, reserved 1048576K
}
Event: 2.595 GC heap before
{Heap before GC invocations=7 (full 0):
 garbage-first heap   total 313344K, used 190992K [0x0000000703c00000, 0x0000000800000000)
  region size 2048K, 91 young (186368K), 2 survivors (4096K)
 Metaspace       used 14727K, committed 14976K, reserved 1114112K
  class space    used 1795K, committed 1920K, reserved 1048576K
}
Event: 2.598 GC heap after
{Heap after GC invocations=8 (full 0):
 garbage-first heap   total 313344K, used 8768K [0x0000000703c00000, 0x0000000800000000)
  region size 2048K, 2 young (4096K), 2 survivors (4096K)
 Metaspace       used 14727K, committed 14976K, reserved 1114112K
  class space    used 1795K, committed 1920K, reserved 1048576K
}
Event: 2.657 GC heap before
{Heap before GC invocations=8 (full 0):
 garbage-first heap   total 313344K, used 191040K [0x0000000703c00000, 0x0000000800000000)
  region size 2048K, 91 young (186368K), 2 survivors (4096K)
 Metaspace       used 14727K, committed 14976K, reserved 1114112K
  class space    used 1795K, committed 1920K, reserved 1048576K
}
Event: 2.660 GC heap after
{Heap after GC invocations=9 (full 0):
 garbage-first heap   total 313344K, used 8900K [0x0000000703c00000, 0x0000000800000000)
  region size 2048K, 2 young (4096K), 2 survivors (4096K)
 Metaspace       used 14727K, committed 14976K, reserved 1114112K
  class space    used 1795K, committed 1920K, reserved 1048576K
}
Event: 2.981 GC heap before
{Heap before GC invocations=9 (full 0):
 garbage-first heap   total 313344K, used 191172K [0x0000000703c00000, 0x0000000800000000)
  region size 2048K, 91 young (186368K), 2 survivors (4096K)
 Metaspace       used 14727K, committed 14976K, reserved 1114112K
  class space    used 1795K, committed 1920K, reserved 1048576K
}
Event: 2.983 GC heap after
{Heap after GC invocations=10 (full 0):
 garbage-first heap   total 313344K, used 8810K [0x0000000703c00000, 0x0000000800000000)
  region size 2048K, 2 young (4096K), 2 survivors (4096K)
 Metaspace       used 14727K, committed 14976K, reserved 1114112K
  class space    used 1795K, committed 1920K, reserved 1048576K
}
Event: 3.027 GC heap before
{Heap before GC invocations=10 (full 0):
 garbage-first heap   total 313344K, used 191082K [0x0000000703c00000, 0x0000000800000000)
  region size 2048K, 91 young (186368K), 2 survivors (4096K)
 Metaspace       used 14727K, committed 14976K, reserved 1114112K
  class space    used 1795K, committed 1920K, reserved 1048576K
}
Event: 3.029 GC heap after
{Heap after GC invocations=11 (full 0):
 garbage-first heap   total 313344K, used 8749K [0x0000000703c00000, 0x0000000800000000)
  region size 2048K, 2 young (4096K), 2 survivors (4096K)
 Metaspace       used 14727K, committed 14976K, reserved 1114112K
  class space    used 1795K, committed 1920K, reserved 1048576K
}
Event: 3.362 GC heap before
{Heap before GC invocations=11 (full 0):
 garbage-first heap   total 313344K, used 191021K [0x0000000703c00000, 0x0000000800000000)
  region size 2048K, 91 young (186368K), 2 survivors (4096K)
 Metaspace       used 14727K, committed 14976K, reserved 1114112K
  class space    used 1795K, committed 1920K, reserved 1048576K
}
Event: 3.365 GC heap after
{Heap after GC invocations=12 (full 0):
 garbage-first heap   total 313344K, used 8752K [0x0000000703c00000, 0x0000000800000000)
  region size 2048K, 2 young (4096K), 2 survivors (4096K)
 Metaspace       used 14727K, committed 14976K, reserved 1114112K
  class space    used 1795K, committed 1920K, reserved 1048576K
}
Event: 3.530 GC heap before
{Heap before GC invocations=12 (full 0):
 garbage-first heap   total 313344K, used 191024K [0x0000000703c00000, 0x0000000800000000)
  region size 2048K, 91 young (186368K), 2 survivors (4096K)
 Metaspace       used 14727K, committed 14976K, reserved 1114112K
  class space    used 1795K, committed 1920K, reserved 1048576K
}
Event: 3.533 GC heap after
{Heap after GC invocations=13 (full 0):
 garbage-first heap   total 313344K, used 8770K [0x0000000703c00000, 0x0000000800000000)
  region size 2048K, 2 young (4096K), 2 survivors (4096K)
 Metaspace       used 14727K, committed 14976K, reserved 1114112K
  class space    used 1795K, committed 1920K, reserved 1048576K
}
Event: 3.810 GC heap before
{Heap before GC invocations=13 (full 0):
 garbage-first heap   total 313344K, used 191042K [0x0000000703c00000, 0x0000000800000000)
  region size 2048K, 91 young (186368K), 2 survivors (4096K)
 Metaspace       used 14727K, committed 14976K, reserved 1114112K
  class space    used 1795K, committed 1920K, reserved 1048576K
}

