# JRE version: Java(TM) SE Runtime Environment (19.0.1+10) (build 19.0.1+10-21)
# Java VM: Java HotSpot(TM) 64-Bit Server VM (19.0.1+10-21, mixed mode, sharing, tiered, compressed oops, compressed class ptrs, g1 gc, windows-amd64)
GC Precious Log:
 CardTable entry size: 512
 Card Set container configuration: InlinePtr #cards 4 size 8 Array Of Cards #cards 16 size 48 Howl #buckets 8 coarsen threshold 3686 Howl Bitmap #cards 512 size 80 coarsen threshold 460 Card regions per heap region 1 cards per card region 4096
 CPUs: 4 total, 4 available
 Memory: 16141M
 Large Page Support: Disabled
 NUMA Support: Disabled
 Compressed Oops: Enabled (Zero based)
 Heap Region Size: 2M
 Heap Min Capacity: 8M
 Heap Initial Capacity: 254M
 Heap Max Capacity: 4036M
 Pre-touch: Disabled
 Parallel Workers: 4
 Concurrent Workers: 1
 Concurrent Refinement Workers: 4
 Periodic GC: Disabled
Heap:
 garbage-first heap   total 313344K, used 5981K [0x0000000703c00000, 0x0000000800000000)
  region size 2048K, 2 young (4096K), 2 survivors (4096K)
 Metaspace       used 13495K, committed 13760K, reserved 1114112K
  class space    used 1686K, committed 1792K, reserved 1048576K
GC Heap History (20 events):
Event: 1.065 GC heap after
{Heap after GC invocations=4 (full 0):
 garbage-first heap   total 260096K, used 5774K [0x0000000703c00000, 0x0000000800000000)
  region size 2048K, 2 young (4096K), 2 survivors (4096K)
 Metaspace       used 12420K, committed 12672K, reserved 1114112K
  class space    used 1483K, committed 1600K, reserved 1048576K
}
Event: 1.317 GC heap before
{Heap before GC invocations=4 (full 0):
 garbage-first heap   total 260096K, used 157326K [0x0000000703c00000, 0x0000000800000000)
  region size 2048K, 76 young (155648K), 2 survivors (4096K)
 Metaspace       used 12834K, committed 13120K, reserved 1114112K
  class space    used 1556K, committed 1664K, reserved 1048576K
}
Event: 1.320 GC heap after
{Heap after GC invocations=5 (full 0):
 garbage-first heap   total 260096K, used 5852K [0x0000000703c00000, 0x0000000800000000)
  region size 2048K, 2 young (4096K), 2 survivors (4096K)
 Metaspace       used 12834K, committed 13120K, reserved 1114112K
  class space    used 1556K, committed 1664K, reserved 1048576K
}
Event: 1.593 GC heap before
{Heap before GC invocations=5 (full 0):
 garbage-first heap   total 260096K, used 157404K [0x0000000703c00000, 0x0000000800000000)
  region size 2048K, 76 young (155648K), 2 survivors (4096K)
 Metaspace       used 13391K, committed 13632K, reserved 1114112K
  class space    used 1670K, committed 1792K, reserved 1048576K
}
Event: 1.595 GC heap after
{Heap after GC invocations=6 (full 0):
 garbage-first heap   total 260096K, used 5949K [0x0000000703c00000, 0x0000000800000000)
  region size 2048K, 2 young (4096K), 2 survivors (4096K)
 Metaspace       used 13391K, committed 13632K, reserved 1114112K
  class space    used 1670K, committed 1792K, reserved 1048576K
}
Event: 1.794 GC heap before
{Heap before GC invocations=6 (full 0):
 garbage-first heap   total 260096K, used 157501K [0x0000000703c00000, 0x0000000800000000)
  region size 2048K, 76 young (155648K), 2 survivors (4096K)
 Metaspace       used 13393K, committed 13632K, reserved 1114112K
  class space    used 1670K, committed 1792K, reserved 1048576K
}
Event: 1.797 GC heap after
{Heap after GC invocations=7 (full 0):
 garbage-first heap   total 260096K, used 6059K [0x0000000703c00000, 0x0000000800000000)
  region size 2048K, 2 young (4096K), 2 survivors (4096K)
 Metaspace       used 13393K, committed 13632K, reserved 1114112K
  class space    used 1670K, committed 1792K, reserved 1048576K
}
Event: 1.845 GC heap before
{Heap before GC invocations=7 (full 0):
 garbage-first heap   total 260096K, used 157611K [0x0000000703c00000, 0x0000000800000000)
  region size 2048K, 76 young (155648K), 2 survivors (4096K)
 Metaspace       used 13394K, committed 13696K, reserved 1114112K
  class space    used 1670K, committed 1792K, reserved 1048576K
}
Event: 1.848 GC heap after
{Heap after GC invocations=8 (full 0):
 garbage-first heap   total 313344K, used 5973K [0x0000000703c00000, 0x0000000800000000)
  region size 2048K, 2 young (4096K), 2 survivors (4096K)
 Metaspace       used 13394K, committed 13696K, reserved 1114112K
  class space    used 1670K, committed 1792K, reserved 1048576K
}
Event: 1.983 GC heap before
{Heap before GC invocations=8 (full 0):
 garbage-first heap   total 313344K, used 188245K [0x0000000703c00000, 0x0000000800000000)
  region size 2048K, 91 young (186368K), 2 survivors (4096K)
 Metaspace       used 13394K, committed 13696K, reserved 1114112K
  class space    used 1670K, committed 1792K, reserved 1048576K
}
Event: 1.986 GC heap after
{Heap after GC invocations=9 (full 0):
 garbage-first heap   total 313344K, used 5973K [0x0000000703c00000, 0x0000000800000000)
  region size 2048K, 2 young (4096K), 2 survivors (4096K)
 Metaspace       used 13394K, committed 13696K, reserved 1114112K
  class space    used 1670K, committed 1792K, reserved 1048576K
}
Event: 2.192 GC heap before
{Heap before GC invocations=9 (full 0):
 garbage-first heap   total 313344K, used 188245K [0x0000000703c00000, 0x0000000800000000)
  region size 2048K, 91 young (186368K), 2 survivors (4096K)
 Metaspace       used 13395K, committed 13696K, reserved 1114112K
  class space    used 1670K, committed 1792K, reserved 1048576K
}
Event: 2.196 GC heap after
{Heap after GC invocations=10 (full 0):
 garbage-first heap   total 313344K, used 5894K [0x0000000703c00000, 0x0000000800000000)
  region size 2048K, 2 young (4096K), 2 survivors (4096K)
 Metaspace       used 13395K, committed 13696K, reserved 1114112K
  class space    used 1670K, committed 1792K, reserved 1048576K
}
Event: 2.645 GC heap before
{Heap before GC invocations=10 (full 0):
 garbage-first heap   total 313344K, used 188166K [0x0000000703c00000, 0x0000000800000000)
  region size 2048K, 91 young (186368K), 2 survivors (4096K)
 Metaspace       used 13435K, committed 13696K, reserved 1114112K
  class space    used 1679K, committed 1792K, reserved 1048576K
}
Event: 2.647 GC heap after
{Heap after GC invocations=11 (full 0):
 garbage-first heap   total 313344K, used 5977K [0x0000000703c00000, 0x0000000800000000)
  region size 2048K, 2 young (4096K), 2 survivors (4096K)
 Metaspace       used 13435K, committed 13696K, reserved 1114112K
  class space    used 1679K, committed 1792K, reserved 1048576K
}
Event: 3.163 GC heap before
{Heap before GC invocations=11 (full 0):
 garbage-first heap   total 313344K, used 188249K [0x0000000703c00000, 0x0000000800000000)
  region size 2048K, 91 young (186368K), 2 survivors (4096K)
 Metaspace       used 13451K, committed 13696K, reserved 1114112K
  class space    used 1679K, committed 1792K, reserved 1048576K
}
Event: 3.165 GC heap after
{Heap after GC invocations=12 (full 0):
 garbage-first heap   total 313344K, used 6066K [0x0000000703c00000, 0x0000000800000000)
  region size 2048K, 2 young (4096K), 2 survivors (4096K)
 Metaspace       used 13451K, committed 13696K, reserved 1114112K
  class space    used 1679K, committed 1792K, reserved 1048576K
}
Event: 3.212 GC heap before
{Heap before GC invocations=12 (full 0):
 garbage-first heap   total 313344K, used 188338K [0x0000000703c00000, 0x0000000800000000)
  region size 2048K, 91 young (186368K), 2 survivors (4096K)
 Metaspace       used 13451K, committed 13696K, reserved 1114112K
  class space    used 1679K, committed 1792K, reserved 1048576K
}
Event: 3.214 GC heap after
{Heap after GC invocations=13 (full 0):
 garbage-first heap   total 313344K, used 6069K [0x0000000703c00000, 0x0000000800000000)
  region size 2048K, 2 young (4096K), 2 survivors (4096K)
 Metaspace       used 13451K, committed 13696K, reserved 1114112K
  class space    used 1679K, committed 1792K, reserved 1048576K
}
Event: 3.262 GC heap before
{Heap before GC invocations=13 (full 0):
 garbage-first heap   total 313344K, used 188341K [0x0000000703c00000, 0x0000000800000000)
  region size 2048K, 91 young (186368K), 2 survivors (4096K)
 Metaspace       used 13495K, committed 13760K, reserved 1114112K
  class space    used 1686K, committed 1792K, reserved 1048576K
}

